
ROM used:   764/8192 (9%)
            764/8192 (9%) including unused fragments

            0.7 Average locations per line
            6.6 Average locations per statement

RAM used:   7/368 (2%) at main() level
            23/368 (6%) worst case

Stack used: 5 worst case (5 in main + 0 for interrupts)
Stack size: 8

Lines Stmts  %   Files
----- ----- ---  -----
   39    16  14  main.c
   10     0   0  main.h
  661     0   0  ..\..\..\..\Program Files (x86)\PICC\Devices\16F877A.h
  456   100  86  ..\..\..\..\Program Files (x86)\PICC\Drivers\lcd.c
----- -----
 1166   116 Total

Page ROM  %  RAM   Vol Diff  Functions:
---- --- --- ---   --- ----  ----------
0     20   3    1             @delay_ms1
0      8   1    0             @const626
 Inline         3   760  4.5  lcd_read_byte
0     49   6    2   262  3.7  lcd_read_nibble
0     44   6    1   399  2.4  lcd_send_nibble
0     92  12    3   415  3.7  lcd_send_byte
0     61   8    2   704  5.0  lcd_init
0     18   2    4   208  6.3  lcd_gotoxy
0     44   6    1   354  4.7  lcd_putc
0     20   3    1             @delay_ms2
0    103  13    2   385  3.2  MAIN
0      2   0    0             @const665
0     75  10    4             @PSTRINGC7_645
0      6   1    0             @const667
0      2   0    0             @const668
0      6   1    0             @const669
0      6   1    0             @const670
0      2   0    0             @const671
0      6   1    0             @const672
0     86  11    5             @PSTRINGCN7_645
0     21   3    3             @DIV88
0     89  12    6             @PRINTF_D_645
 Inline         0             @cinit1

Program metrics:
    Functions               8
    Statements              116
    Comments                224
    Volume (V)              5340
    Difficulty (D)          31.3
    Effort to implement (E) 167349
    Time to implement (T)   2 hours, 35 minutes
    Est Delivered Bugs (B)  1
    Cyclomatic Complexity   8
    Maintainability (MI)    141

 Segment     Used  Free
-----------  ----  ----
00000-00003     4  0  
00004-007FF   760  1284  
00800-00FFF     0  2048  
01000-017FF     0  2048  
01800-01FFF     0  2048  



